2022-03-31 08:30:24,229 - INFO - ['https://www.yemeksepeti.com/baris-bufe-besiktas-etiler-mah-istanbul', 'https://www.yemeksepeti.com/lily-gelato-tatli-dondurma-besiktas-dikilitas-mah-istanbul', 'https://www.yemeksepeti.com/son-durak-ocakbasi-kelle-paca-esenler-menderes-mah-istanbul', 'https://www.yemeksepeti.com/gumussuyu-et-dunyasi-beykoz-gumussuyu-mah-istanbul']
2022-03-31 08:30:24,229 - INFO - 4
2022-03-31 08:30:33,596 - INFO - Comments Writing ......
2022-03-31 08:30:33,596 - INFO - https://www.yemeksepeti.com//baris-bufe-besiktas-etiler-mah-istanbul?section=comments&page=1
2022-03-31 08:30:35,647 - INFO - Comments Writing ......
2022-03-31 08:30:35,647 - INFO - https://www.yemeksepeti.com//baris-bufe-besiktas-etiler-mah-istanbul?section=comments&page=2
2022-03-31 08:30:37,844 - INFO - Comments Writing ......
2022-03-31 08:30:37,844 - INFO - https://www.yemeksepeti.com//baris-bufe-besiktas-etiler-mah-istanbul?section=comments&page=3
2022-03-31 08:30:40,568 - INFO - Comments Writing ......
2022-03-31 08:30:40,568 - INFO - https://www.yemeksepeti.com//baris-bufe-besiktas-etiler-mah-istanbul?section=comments&page=4
2022-03-31 08:30:42,853 - INFO - Comments Writing ......
2022-03-31 08:30:42,853 - INFO - https://www.yemeksepeti.com//baris-bufe-besiktas-etiler-mah-istanbul?section=comments&page=5
2022-03-31 08:30:45,205 - INFO - Comments Writing ......
2022-03-31 08:30:45,205 - INFO - https://www.yemeksepeti.com//baris-bufe-besiktas-etiler-mah-istanbul?section=comments&page=6
2022-03-31 08:30:47,126 - INFO - Comments Writing ......
2022-03-31 08:30:47,126 - INFO - https://www.yemeksepeti.com//baris-bufe-besiktas-etiler-mah-istanbul?section=comments&page=7
2022-03-31 08:30:49,078 - INFO - Comments Writing ......
2022-03-31 08:30:49,078 - INFO - https://www.yemeksepeti.com//baris-bufe-besiktas-etiler-mah-istanbul?section=comments&page=8
2022-03-31 08:30:51,505 - INFO - Comments Writing ......
2022-03-31 08:30:51,505 - INFO - https://www.yemeksepeti.com//lily-gelato-tatli-dondurma-besiktas-dikilitas-mah-istanbul?section=comments&page=1
2022-03-31 08:30:53,520 - INFO - Comments Writing ......
2022-03-31 08:30:53,520 - INFO - https://www.yemeksepeti.com//lily-gelato-tatli-dondurma-besiktas-dikilitas-mah-istanbul?section=comments&page=2
2022-03-31 08:30:55,581 - INFO - Comments Writing ......
2022-03-31 08:30:55,581 - INFO - https://www.yemeksepeti.com//lily-gelato-tatli-dondurma-besiktas-dikilitas-mah-istanbul?section=comments&page=3
2022-03-31 08:30:57,997 - INFO - Comments Writing ......
2022-03-31 08:30:57,997 - INFO - https://www.yemeksepeti.com//lily-gelato-tatli-dondurma-besiktas-dikilitas-mah-istanbul?section=comments&page=4
2022-03-31 08:31:00,002 - INFO - Comments Writing ......
2022-03-31 08:31:00,002 - INFO - https://www.yemeksepeti.com//lily-gelato-tatli-dondurma-besiktas-dikilitas-mah-istanbul?section=comments&page=5
2022-03-31 08:31:02,047 - INFO - Comments Writing ......
2022-03-31 08:31:02,048 - INFO - https://www.yemeksepeti.com//lily-gelato-tatli-dondurma-besiktas-dikilitas-mah-istanbul?section=comments&page=6
2022-03-31 08:31:04,451 - INFO - Comments Writing ......
2022-03-31 08:31:04,451 - INFO - https://www.yemeksepeti.com//lily-gelato-tatli-dondurma-besiktas-dikilitas-mah-istanbul?section=comments&page=7
2022-03-31 08:31:06,467 - INFO - Comments Writing ......
2022-03-31 08:31:06,467 - INFO - https://www.yemeksepeti.com//lily-gelato-tatli-dondurma-besiktas-dikilitas-mah-istanbul?section=comments&page=8
2022-03-31 08:31:08,481 - INFO - Comments Writing ......
2022-03-31 08:31:08,481 - INFO - https://www.yemeksepeti.com//son-durak-ocakbasi-kelle-paca-esenler-menderes-mah-istanbul?section=comments&page=1
2022-03-31 08:31:10,596 - INFO - Comments Writing ......
2022-03-31 08:31:10,596 - INFO - https://www.yemeksepeti.com//son-durak-ocakbasi-kelle-paca-esenler-menderes-mah-istanbul?section=comments&page=2
2022-03-31 08:31:12,890 - INFO - Comments Writing ......
2022-03-31 08:31:12,891 - INFO - https://www.yemeksepeti.com//son-durak-ocakbasi-kelle-paca-esenler-menderes-mah-istanbul?section=comments&page=3
2022-03-31 08:31:14,774 - INFO - Comments Writing ......
2022-03-31 08:31:14,775 - INFO - https://www.yemeksepeti.com//son-durak-ocakbasi-kelle-paca-esenler-menderes-mah-istanbul?section=comments&page=4
2022-03-31 08:31:16,799 - INFO - Comments Writing ......
2022-03-31 08:31:16,799 - INFO - https://www.yemeksepeti.com//son-durak-ocakbasi-kelle-paca-esenler-menderes-mah-istanbul?section=comments&page=5
2022-03-31 08:31:18,947 - INFO - Comments Writing ......
2022-03-31 08:31:18,948 - INFO - https://www.yemeksepeti.com//son-durak-ocakbasi-kelle-paca-esenler-menderes-mah-istanbul?section=comments&page=6
2022-03-31 08:31:21,035 - INFO - Comments Writing ......
2022-03-31 08:31:21,035 - INFO - https://www.yemeksepeti.com//son-durak-ocakbasi-kelle-paca-esenler-menderes-mah-istanbul?section=comments&page=7
2022-03-31 08:31:22,941 - INFO - Comments Writing ......
2022-03-31 08:31:22,942 - INFO - https://www.yemeksepeti.com//son-durak-ocakbasi-kelle-paca-esenler-menderes-mah-istanbul?section=comments&page=8
2022-03-31 08:31:25,403 - INFO - Comments Writing ......
2022-03-31 08:31:25,404 - INFO - https://www.yemeksepeti.com//gumussuyu-et-dunyasi-beykoz-gumussuyu-mah-istanbul?section=comments&page=1
2022-03-31 08:31:27,239 - INFO - Comments Writing ......
2022-03-31 08:31:27,239 - INFO - https://www.yemeksepeti.com//gumussuyu-et-dunyasi-beykoz-gumussuyu-mah-istanbul?section=comments&page=2
2022-03-31 08:31:29,057 - INFO - Comments Writing ......
2022-03-31 08:31:29,057 - INFO - https://www.yemeksepeti.com//gumussuyu-et-dunyasi-beykoz-gumussuyu-mah-istanbul?section=comments&page=3
2022-03-31 08:31:31,455 - INFO - Comments Writing ......
2022-03-31 08:31:31,456 - INFO - https://www.yemeksepeti.com//gumussuyu-et-dunyasi-beykoz-gumussuyu-mah-istanbul?section=comments&page=4
2022-03-31 08:31:33,240 - INFO - Comments Writing ......
2022-03-31 08:31:33,241 - INFO - https://www.yemeksepeti.com//gumussuyu-et-dunyasi-beykoz-gumussuyu-mah-istanbul?section=comments&page=5
2022-03-31 08:31:35,345 - INFO - Puanlar yazılıyor......
2022-03-31 08:31:35,345 - INFO - https://www.yemeksepeti.com//baris-bufe-besiktas-etiler-mah-istanbul?section=comments&page=1
2022-03-31 08:31:37,643 - INFO - Puanlar yazılıyor......
2022-03-31 08:31:37,643 - INFO - https://www.yemeksepeti.com//baris-bufe-besiktas-etiler-mah-istanbul?section=comments&page=2
2022-03-31 08:31:39,534 - INFO - Puanlar yazılıyor......
2022-03-31 08:31:39,534 - INFO - https://www.yemeksepeti.com//baris-bufe-besiktas-etiler-mah-istanbul?section=comments&page=3
2022-03-31 08:31:41,634 - INFO - Puanlar yazılıyor......
2022-03-31 08:31:41,634 - INFO - https://www.yemeksepeti.com//baris-bufe-besiktas-etiler-mah-istanbul?section=comments&page=4
2022-03-31 08:31:43,520 - INFO - Puanlar yazılıyor......
2022-03-31 08:31:43,520 - INFO - https://www.yemeksepeti.com//baris-bufe-besiktas-etiler-mah-istanbul?section=comments&page=5
2022-03-31 08:31:46,614 - INFO - Puanlar yazılıyor......
2022-03-31 08:31:46,614 - INFO - https://www.yemeksepeti.com//baris-bufe-besiktas-etiler-mah-istanbul?section=comments&page=6
2022-03-31 08:31:48,446 - INFO - Puanlar yazılıyor......
2022-03-31 08:31:48,447 - INFO - https://www.yemeksepeti.com//baris-bufe-besiktas-etiler-mah-istanbul?section=comments&page=7
2022-03-31 08:31:50,414 - INFO - Puanlar yazılıyor......
2022-03-31 08:31:50,414 - INFO - https://www.yemeksepeti.com//baris-bufe-besiktas-etiler-mah-istanbul?section=comments&page=8
2022-03-31 08:31:52,473 - INFO - Puanlar yazılıyor......
2022-03-31 08:31:52,473 - INFO - https://www.yemeksepeti.com//lily-gelato-tatli-dondurma-besiktas-dikilitas-mah-istanbul?section=comments&page=1
2022-03-31 08:31:54,667 - INFO - Puanlar yazılıyor......
2022-03-31 08:31:54,667 - INFO - https://www.yemeksepeti.com//lily-gelato-tatli-dondurma-besiktas-dikilitas-mah-istanbul?section=comments&page=2
2022-03-31 08:31:56,799 - INFO - Puanlar yazılıyor......
2022-03-31 08:31:56,799 - INFO - https://www.yemeksepeti.com//lily-gelato-tatli-dondurma-besiktas-dikilitas-mah-istanbul?section=comments&page=3
2022-03-31 08:31:59,090 - INFO - Puanlar yazılıyor......
2022-03-31 08:31:59,090 - INFO - https://www.yemeksepeti.com//lily-gelato-tatli-dondurma-besiktas-dikilitas-mah-istanbul?section=comments&page=4
2022-03-31 08:32:01,074 - INFO - Puanlar yazılıyor......
2022-03-31 08:32:01,075 - INFO - https://www.yemeksepeti.com//lily-gelato-tatli-dondurma-besiktas-dikilitas-mah-istanbul?section=comments&page=5
2022-03-31 08:32:03,134 - INFO - Puanlar yazılıyor......
2022-03-31 08:32:03,135 - INFO - https://www.yemeksepeti.com//lily-gelato-tatli-dondurma-besiktas-dikilitas-mah-istanbul?section=comments&page=6
2022-03-31 08:32:05,450 - INFO - Puanlar yazılıyor......
2022-03-31 08:32:05,450 - INFO - https://www.yemeksepeti.com//lily-gelato-tatli-dondurma-besiktas-dikilitas-mah-istanbul?section=comments&page=7
2022-03-31 08:32:07,628 - INFO - Puanlar yazılıyor......
2022-03-31 08:32:07,628 - INFO - https://www.yemeksepeti.com//lily-gelato-tatli-dondurma-besiktas-dikilitas-mah-istanbul?section=comments&page=8
2022-03-31 08:32:09,689 - INFO - Puanlar yazılıyor......
2022-03-31 08:32:09,690 - INFO - https://www.yemeksepeti.com//son-durak-ocakbasi-kelle-paca-esenler-menderes-mah-istanbul?section=comments&page=1
2022-03-31 08:32:11,847 - INFO - Puanlar yazılıyor......
2022-03-31 08:32:11,847 - INFO - https://www.yemeksepeti.com//son-durak-ocakbasi-kelle-paca-esenler-menderes-mah-istanbul?section=comments&page=2
2022-03-31 08:32:13,896 - INFO - Puanlar yazılıyor......
2022-03-31 08:32:13,896 - INFO - https://www.yemeksepeti.com//son-durak-ocakbasi-kelle-paca-esenler-menderes-mah-istanbul?section=comments&page=3
2022-03-31 08:32:15,825 - INFO - Puanlar yazılıyor......
2022-03-31 08:32:15,825 - INFO - https://www.yemeksepeti.com//son-durak-ocakbasi-kelle-paca-esenler-menderes-mah-istanbul?section=comments&page=4
2022-03-31 08:32:17,975 - INFO - Puanlar yazılıyor......
2022-03-31 08:32:17,975 - INFO - https://www.yemeksepeti.com//son-durak-ocakbasi-kelle-paca-esenler-menderes-mah-istanbul?section=comments&page=5
2022-03-31 08:32:20,042 - INFO - Puanlar yazılıyor......
2022-03-31 08:32:20,043 - INFO - https://www.yemeksepeti.com//son-durak-ocakbasi-kelle-paca-esenler-menderes-mah-istanbul?section=comments&page=6
2022-03-31 08:32:22,082 - INFO - Puanlar yazılıyor......
2022-03-31 08:32:22,082 - INFO - https://www.yemeksepeti.com//son-durak-ocakbasi-kelle-paca-esenler-menderes-mah-istanbul?section=comments&page=7
2022-03-31 08:32:24,397 - INFO - Puanlar yazılıyor......
2022-03-31 08:32:24,397 - INFO - https://www.yemeksepeti.com//son-durak-ocakbasi-kelle-paca-esenler-menderes-mah-istanbul?section=comments&page=8
2022-03-31 08:32:26,227 - INFO - Puanlar yazılıyor......
2022-03-31 08:32:26,227 - INFO - https://www.yemeksepeti.com//gumussuyu-et-dunyasi-beykoz-gumussuyu-mah-istanbul?section=comments&page=1
2022-03-31 08:32:28,193 - INFO - Puanlar yazılıyor......
2022-03-31 08:32:28,193 - INFO - https://www.yemeksepeti.com//gumussuyu-et-dunyasi-beykoz-gumussuyu-mah-istanbul?section=comments&page=2
2022-03-31 08:32:30,230 - INFO - Puanlar yazılıyor......
2022-03-31 08:32:30,230 - INFO - https://www.yemeksepeti.com//gumussuyu-et-dunyasi-beykoz-gumussuyu-mah-istanbul?section=comments&page=3
2022-03-31 08:32:32,303 - INFO - Puanlar yazılıyor......
2022-03-31 08:32:32,303 - INFO - https://www.yemeksepeti.com//gumussuyu-et-dunyasi-beykoz-gumussuyu-mah-istanbul?section=comments&page=4
2022-03-31 08:32:34,210 - INFO - Puanlar yazılıyor......
2022-03-31 08:32:34,210 - INFO - https://www.yemeksepeti.com//gumussuyu-et-dunyasi-beykoz-gumussuyu-mah-istanbul?section=comments&page=5
2022-03-31 11:18:13,333 - INFO - ['https://www.yemeksepeti.com/baris-bufe-besiktas-etiler-mah-istanbul', 'https://www.yemeksepeti.com/lily-gelato-tatli-dondurma-besiktas-dikilitas-mah-istanbul', 'https://www.yemeksepeti.com/son-durak-ocakbasi-kelle-paca-esenler-menderes-mah-istanbul', 'https://www.yemeksepeti.com/gumussuyu-et-dunyasi-beykoz-gumussuyu-mah-istanbul']
2022-03-31 11:18:13,334 - INFO - 4
2022-03-31 11:19:47,069 - INFO - ['https://www.yemeksepeti.com/baris-bufe-besiktas-etiler-mah-istanbul', 'https://www.yemeksepeti.com/lily-gelato-tatli-dondurma-besiktas-dikilitas-mah-istanbul', 'https://www.yemeksepeti.com/son-durak-ocakbasi-kelle-paca-esenler-menderes-mah-istanbul', 'https://www.yemeksepeti.com/gumussuyu-et-dunyasi-beykoz-gumussuyu-mah-istanbul']
2022-03-31 11:19:47,070 - INFO - 4
2022-03-31 11:21:07,909 - INFO - ['https://www.yemeksepeti.com/baris-bufe-besiktas-etiler-mah-istanbul', 'https://www.yemeksepeti.com/lily-gelato-tatli-dondurma-besiktas-dikilitas-mah-istanbul', 'https://www.yemeksepeti.com/son-durak-ocakbasi-kelle-paca-esenler-menderes-mah-istanbul', 'https://www.yemeksepeti.com/gumussuyu-et-dunyasi-beykoz-gumussuyu-mah-istanbul']
2022-03-31 11:21:07,910 - INFO - 4
2022-03-31 11:21:36,792 - INFO - Comments Writing ......
2022-03-31 11:21:36,803 - INFO - https://www.yemeksepeti.com//baris-bufe-besiktas-etiler-mah-istanbul?section=comments&page=1
2022-03-31 11:21:39,255 - INFO - Comments Writing ......
2022-03-31 11:21:39,255 - INFO - https://www.yemeksepeti.com//baris-bufe-besiktas-etiler-mah-istanbul?section=comments&page=2
2022-03-31 11:21:42,518 - INFO - Comments Writing ......
2022-03-31 11:21:42,518 - INFO - https://www.yemeksepeti.com//baris-bufe-besiktas-etiler-mah-istanbul?section=comments&page=3
2022-03-31 11:21:45,064 - INFO - Comments Writing ......
2022-03-31 11:21:45,064 - INFO - https://www.yemeksepeti.com//baris-bufe-besiktas-etiler-mah-istanbul?section=comments&page=4
2022-03-31 11:21:46,993 - INFO - Comments Writing ......
2022-03-31 11:21:46,993 - INFO - https://www.yemeksepeti.com//baris-bufe-besiktas-etiler-mah-istanbul?section=comments&page=5
2022-03-31 11:21:48,991 - INFO - Comments Writing ......
2022-03-31 11:21:48,991 - INFO - https://www.yemeksepeti.com//baris-bufe-besiktas-etiler-mah-istanbul?section=comments&page=6
2022-03-31 11:21:51,457 - INFO - Comments Writing ......
2022-03-31 11:21:51,457 - INFO - https://www.yemeksepeti.com//baris-bufe-besiktas-etiler-mah-istanbul?section=comments&page=7
2022-03-31 11:21:53,646 - INFO - Comments Writing ......
2022-03-31 11:21:53,646 - INFO - https://www.yemeksepeti.com//baris-bufe-besiktas-etiler-mah-istanbul?section=comments&page=8
2022-03-31 11:21:55,999 - INFO - Comments Writing ......
2022-03-31 11:21:55,999 - INFO - https://www.yemeksepeti.com//lily-gelato-tatli-dondurma-besiktas-dikilitas-mah-istanbul?section=comments&page=1
2022-03-31 11:22:28,279 - INFO - Comments Writing ......
2022-03-31 11:22:28,280 - INFO - https://www.yemeksepeti.com//lily-gelato-tatli-dondurma-besiktas-dikilitas-mah-istanbul?section=comments&page=2
2022-03-31 11:22:30,697 - INFO - Comments Writing ......
2022-03-31 11:22:30,697 - INFO - https://www.yemeksepeti.com//lily-gelato-tatli-dondurma-besiktas-dikilitas-mah-istanbul?section=comments&page=3
2022-03-31 11:22:34,219 - INFO - Comments Writing ......
2022-03-31 11:22:34,219 - INFO - https://www.yemeksepeti.com//lily-gelato-tatli-dondurma-besiktas-dikilitas-mah-istanbul?section=comments&page=4
2022-03-31 11:22:37,389 - INFO - Comments Writing ......
2022-03-31 11:22:37,389 - INFO - https://www.yemeksepeti.com//lily-gelato-tatli-dondurma-besiktas-dikilitas-mah-istanbul?section=comments&page=5
2022-03-31 11:22:39,960 - INFO - Comments Writing ......
2022-03-31 11:22:39,961 - INFO - https://www.yemeksepeti.com//lily-gelato-tatli-dondurma-besiktas-dikilitas-mah-istanbul?section=comments&page=6
2022-03-31 11:22:42,763 - INFO - Comments Writing ......
2022-03-31 11:22:42,764 - INFO - https://www.yemeksepeti.com//lily-gelato-tatli-dondurma-besiktas-dikilitas-mah-istanbul?section=comments&page=7
2022-03-31 11:22:45,444 - INFO - Comments Writing ......
2022-03-31 11:22:45,444 - INFO - https://www.yemeksepeti.com//lily-gelato-tatli-dondurma-besiktas-dikilitas-mah-istanbul?section=comments&page=8
2022-03-31 11:22:47,945 - INFO - Comments Writing ......
2022-03-31 11:22:47,945 - INFO - https://www.yemeksepeti.com//son-durak-ocakbasi-kelle-paca-esenler-menderes-mah-istanbul?section=comments&page=1
2022-03-31 11:22:50,036 - INFO - Comments Writing ......
2022-03-31 11:22:50,036 - INFO - https://www.yemeksepeti.com//son-durak-ocakbasi-kelle-paca-esenler-menderes-mah-istanbul?section=comments&page=2
2022-03-31 11:22:52,141 - INFO - Comments Writing ......
2022-03-31 11:22:52,141 - INFO - https://www.yemeksepeti.com//son-durak-ocakbasi-kelle-paca-esenler-menderes-mah-istanbul?section=comments&page=3
2022-03-31 11:22:54,459 - INFO - Comments Writing ......
2022-03-31 11:22:54,459 - INFO - https://www.yemeksepeti.com//son-durak-ocakbasi-kelle-paca-esenler-menderes-mah-istanbul?section=comments&page=4
2022-03-31 11:22:56,626 - INFO - Comments Writing ......
2022-03-31 11:22:56,626 - INFO - https://www.yemeksepeti.com//son-durak-ocakbasi-kelle-paca-esenler-menderes-mah-istanbul?section=comments&page=5
2022-03-31 11:22:58,788 - INFO - Comments Writing ......
2022-03-31 11:22:58,789 - INFO - https://www.yemeksepeti.com//son-durak-ocakbasi-kelle-paca-esenler-menderes-mah-istanbul?section=comments&page=6
2022-03-31 11:23:00,878 - INFO - Comments Writing ......
2022-03-31 11:23:00,878 - INFO - https://www.yemeksepeti.com//son-durak-ocakbasi-kelle-paca-esenler-menderes-mah-istanbul?section=comments&page=7
2022-03-31 11:23:03,212 - INFO - Comments Writing ......
2022-03-31 11:23:03,212 - INFO - https://www.yemeksepeti.com//son-durak-ocakbasi-kelle-paca-esenler-menderes-mah-istanbul?section=comments&page=8
2022-03-31 11:23:05,196 - INFO - Comments Writing ......
2022-03-31 11:23:05,196 - INFO - https://www.yemeksepeti.com//gumussuyu-et-dunyasi-beykoz-gumussuyu-mah-istanbul?section=comments&page=1
2022-03-31 11:23:07,269 - INFO - Comments Writing ......
2022-03-31 11:23:07,270 - INFO - https://www.yemeksepeti.com//gumussuyu-et-dunyasi-beykoz-gumussuyu-mah-istanbul?section=comments&page=2
2022-03-31 11:23:09,587 - INFO - Comments Writing ......
2022-03-31 11:23:09,587 - INFO - https://www.yemeksepeti.com//gumussuyu-et-dunyasi-beykoz-gumussuyu-mah-istanbul?section=comments&page=3
2022-03-31 11:23:11,863 - INFO - Comments Writing ......
2022-03-31 11:23:11,863 - INFO - https://www.yemeksepeti.com//gumussuyu-et-dunyasi-beykoz-gumussuyu-mah-istanbul?section=comments&page=4
2022-03-31 11:23:14,132 - INFO - Comments Writing ......
2022-03-31 11:23:14,132 - INFO - https://www.yemeksepeti.com//gumussuyu-et-dunyasi-beykoz-gumussuyu-mah-istanbul?section=comments&page=5
2022-03-31 11:23:15,929 - INFO - Points Writing......
2022-03-31 11:23:15,929 - INFO - https://www.yemeksepeti.com//baris-bufe-besiktas-etiler-mah-istanbul?section=comments&page=1
2022-03-31 11:23:18,643 - INFO - Points Writing......
2022-03-31 11:23:18,644 - INFO - https://www.yemeksepeti.com//baris-bufe-besiktas-etiler-mah-istanbul?section=comments&page=2
2022-03-31 11:23:20,819 - INFO - Points Writing......
2022-03-31 11:23:20,819 - INFO - https://www.yemeksepeti.com//baris-bufe-besiktas-etiler-mah-istanbul?section=comments&page=3
2022-03-31 11:23:23,219 - INFO - Points Writing......
2022-03-31 11:23:23,219 - INFO - https://www.yemeksepeti.com//baris-bufe-besiktas-etiler-mah-istanbul?section=comments&page=4
2022-03-31 11:23:25,587 - INFO - Points Writing......
2022-03-31 11:23:25,587 - INFO - https://www.yemeksepeti.com//baris-bufe-besiktas-etiler-mah-istanbul?section=comments&page=5
2022-03-31 11:23:27,587 - INFO - Points Writing......
2022-03-31 11:23:27,588 - INFO - https://www.yemeksepeti.com//baris-bufe-besiktas-etiler-mah-istanbul?section=comments&page=6
2022-03-31 11:23:29,455 - INFO - Points Writing......
2022-03-31 11:23:29,456 - INFO - https://www.yemeksepeti.com//baris-bufe-besiktas-etiler-mah-istanbul?section=comments&page=7
2022-03-31 11:23:31,622 - INFO - Points Writing......
2022-03-31 11:23:31,622 - INFO - https://www.yemeksepeti.com//baris-bufe-besiktas-etiler-mah-istanbul?section=comments&page=8
2022-03-31 11:23:33,890 - INFO - Points Writing......
2022-03-31 11:23:33,890 - INFO - https://www.yemeksepeti.com//lily-gelato-tatli-dondurma-besiktas-dikilitas-mah-istanbul?section=comments&page=1
2022-03-31 11:23:36,606 - INFO - Points Writing......
2022-03-31 11:23:36,606 - INFO - https://www.yemeksepeti.com//lily-gelato-tatli-dondurma-besiktas-dikilitas-mah-istanbul?section=comments&page=2
2022-03-31 11:23:39,239 - INFO - Points Writing......
2022-03-31 11:23:39,239 - INFO - https://www.yemeksepeti.com//lily-gelato-tatli-dondurma-besiktas-dikilitas-mah-istanbul?section=comments&page=3
2022-03-31 11:23:41,885 - INFO - Points Writing......
2022-03-31 11:23:41,885 - INFO - https://www.yemeksepeti.com//lily-gelato-tatli-dondurma-besiktas-dikilitas-mah-istanbul?section=comments&page=4
2022-03-31 11:23:44,853 - INFO - Points Writing......
2022-03-31 11:23:44,853 - INFO - https://www.yemeksepeti.com//lily-gelato-tatli-dondurma-besiktas-dikilitas-mah-istanbul?section=comments&page=5
2022-03-31 11:23:47,479 - INFO - Points Writing......
2022-03-31 11:23:47,479 - INFO - https://www.yemeksepeti.com//lily-gelato-tatli-dondurma-besiktas-dikilitas-mah-istanbul?section=comments&page=6
2022-03-31 11:23:49,924 - INFO - Points Writing......
2022-03-31 11:23:49,925 - INFO - https://www.yemeksepeti.com//lily-gelato-tatli-dondurma-besiktas-dikilitas-mah-istanbul?section=comments&page=7
2022-03-31 11:23:51,952 - INFO - Points Writing......
2022-03-31 11:23:51,952 - INFO - https://www.yemeksepeti.com//lily-gelato-tatli-dondurma-besiktas-dikilitas-mah-istanbul?section=comments&page=8
2022-03-31 11:23:54,220 - INFO - Points Writing......
2022-03-31 11:23:54,220 - INFO - https://www.yemeksepeti.com//son-durak-ocakbasi-kelle-paca-esenler-menderes-mah-istanbul?section=comments&page=1
2022-03-31 11:23:55,657 - INFO - Points Writing......
2022-03-31 11:23:55,657 - INFO - https://www.yemeksepeti.com//son-durak-ocakbasi-kelle-paca-esenler-menderes-mah-istanbul?section=comments&page=2
2022-03-31 11:23:57,132 - INFO - Points Writing......
2022-03-31 11:23:57,132 - INFO - https://www.yemeksepeti.com//son-durak-ocakbasi-kelle-paca-esenler-menderes-mah-istanbul?section=comments&page=3
2022-03-31 11:23:58,703 - INFO - Points Writing......
2022-03-31 11:23:58,704 - INFO - https://www.yemeksepeti.com//son-durak-ocakbasi-kelle-paca-esenler-menderes-mah-istanbul?section=comments&page=4
2022-03-31 11:24:00,226 - INFO - Points Writing......
2022-03-31 11:24:00,226 - INFO - https://www.yemeksepeti.com//son-durak-ocakbasi-kelle-paca-esenler-menderes-mah-istanbul?section=comments&page=5
2022-03-31 11:24:01,823 - INFO - Points Writing......
2022-03-31 11:24:01,824 - INFO - https://www.yemeksepeti.com//son-durak-ocakbasi-kelle-paca-esenler-menderes-mah-istanbul?section=comments&page=6
2022-03-31 11:24:03,269 - INFO - Points Writing......
2022-03-31 11:24:03,269 - INFO - https://www.yemeksepeti.com//son-durak-ocakbasi-kelle-paca-esenler-menderes-mah-istanbul?section=comments&page=7
2022-03-31 11:24:04,924 - INFO - Points Writing......
2022-03-31 11:24:04,924 - INFO - https://www.yemeksepeti.com//son-durak-ocakbasi-kelle-paca-esenler-menderes-mah-istanbul?section=comments&page=8
2022-03-31 11:24:06,780 - INFO - Points Writing......
2022-03-31 11:24:06,780 - INFO - https://www.yemeksepeti.com//gumussuyu-et-dunyasi-beykoz-gumussuyu-mah-istanbul?section=comments&page=1
2022-03-31 11:24:08,192 - INFO - Points Writing......
2022-03-31 11:24:08,192 - INFO - https://www.yemeksepeti.com//gumussuyu-et-dunyasi-beykoz-gumussuyu-mah-istanbul?section=comments&page=2
2022-03-31 11:24:09,771 - INFO - Points Writing......
2022-03-31 11:24:09,771 - INFO - https://www.yemeksepeti.com//gumussuyu-et-dunyasi-beykoz-gumussuyu-mah-istanbul?section=comments&page=3
2022-03-31 11:24:11,271 - INFO - Points Writing......
2022-03-31 11:24:11,272 - INFO - https://www.yemeksepeti.com//gumussuyu-et-dunyasi-beykoz-gumussuyu-mah-istanbul?section=comments&page=4
2022-03-31 11:24:12,871 - INFO - Points Writing......
2022-03-31 11:24:12,871 - INFO - https://www.yemeksepeti.com//gumussuyu-et-dunyasi-beykoz-gumussuyu-mah-istanbul?section=comments&page=5
2022-03-31 11:31:50,605 - INFO - ['https://www.yemeksepeti.com/baris-bufe-besiktas-etiler-mah-istanbul', 'https://www.yemeksepeti.com/lily-gelato-tatli-dondurma-besiktas-dikilitas-mah-istanbul', 'https://www.yemeksepeti.com/son-durak-ocakbasi-kelle-paca-esenler-menderes-mah-istanbul', 'https://www.yemeksepeti.com/gumussuyu-et-dunyasi-beykoz-gumussuyu-mah-istanbul']
2022-03-31 11:31:50,605 - INFO - 4
2022-03-31 11:32:01,038 - INFO - Comments Writing ......
2022-03-31 11:32:01,038 - INFO - https://www.yemeksepeti.com//baris-bufe-besiktas-etiler-mah-istanbul?section=comments&page=1
2022-03-31 11:32:02,543 - INFO - Comments Writing ......
2022-03-31 11:32:02,543 - INFO - https://www.yemeksepeti.com//baris-bufe-besiktas-etiler-mah-istanbul?section=comments&page=2
2022-03-31 11:32:03,974 - INFO - Comments Writing ......
2022-03-31 11:32:03,974 - INFO - https://www.yemeksepeti.com//baris-bufe-besiktas-etiler-mah-istanbul?section=comments&page=3
2022-03-31 11:32:05,443 - INFO - Comments Writing ......
2022-03-31 11:32:05,444 - INFO - https://www.yemeksepeti.com//baris-bufe-besiktas-etiler-mah-istanbul?section=comments&page=4
2022-03-31 11:32:07,257 - INFO - Comments Writing ......
2022-03-31 11:32:07,257 - INFO - https://www.yemeksepeti.com//baris-bufe-besiktas-etiler-mah-istanbul?section=comments&page=5
2022-03-31 11:32:08,798 - INFO - Comments Writing ......
2022-03-31 11:32:08,798 - INFO - https://www.yemeksepeti.com//baris-bufe-besiktas-etiler-mah-istanbul?section=comments&page=6
2022-03-31 11:32:10,443 - INFO - Comments Writing ......
2022-03-31 11:32:10,443 - INFO - https://www.yemeksepeti.com//baris-bufe-besiktas-etiler-mah-istanbul?section=comments&page=7
